<?xml version="1.0" encoding="UTF-8"?>
<!-- Generated by org.testng.reporters.JUnitXMLReporter -->
<testsuite ignored="0" hostname="Spys-Air.lan" failures="0" tests="4" name="Submit Order" time="31.855" errors="0" timestamp="2023-11-22T01:00:11 EST">
  <testcase classname="pavanacademy.tests.SubmitOrder" name="submitOrder" time="3.903"/>
  <testcase classname="pavanacademy.tests.SubmitOrder" name="submitOrder" time="3.813"/>
  <testcase classname="pavanacademy.tests.SubmitOrder" name="OrderCheck" time="1.064"/>
  <testcase classname="pavanacademy.tests.SubmitOrder" name="OrderCheck" time="1.03"/>
</testsuite> <!-- Submit Order -->
